<?xml version="1.0" encoding="UTF-8"?>
<!-- Generated by org.testng.reporters.JUnitXMLReporter -->
<testsuite ignored="0" hostname="DESKTOP-OKPA2FN" failures="1" tests="4" name="Test" time="69.423" errors="0" timestamp="2022-06-20T00:34:31 EDT">
  <testcase classname="Appium.WeatherChannelAutomation.runnerClass" name="validate_user_LookUp_Location_For_Weather_CheckUp" time="8.611"/>
  <testcase classname="Appium.WeatherChannelAutomation.runnerClass" name="validate_Hourly_details_displayed" time="0.628"/>
  <testcase classname="Appium.WeatherChannelAutomation.runnerClass" name="validate_Todays_Details_is_displayed" time="35.598"/>
  <testcase classname="Appium.WeatherChannelAutomation.runnerClass" name="verify_Trend_Graph_For_Each_Condition" time="12.262">
    <failure type="org.openqa.selenium.NoSuchElementException" message="An element could not be located on the page using the given search parameters.
For documentation on this error, please visit: https://selenium.dev/exceptions/#no_such_element
Build info: version: &amp;apos;4.2.2&amp;apos;, revision: &amp;apos;683ccb65d6&amp;apos;
System info: host: &amp;apos;DESKTOP-OKPA2FN&amp;apos;, ip: &amp;apos;192.168.1.77&amp;apos;, os.name: &amp;apos;Windows 11&amp;apos;, os.arch: &amp;apos;amd64&amp;apos;, os.version: &amp;apos;10.0&amp;apos;, java.version: &amp;apos;17.0.2&amp;apos;
Driver info: io.appium.java_client.android.AndroidDriver
Command: [09467fda-3399-460d-9209-aee7d55e2212, findElement {using=xpath, value=//android.widget.TextView[@text=&amp;apos;Temperature&amp;apos;]}]
Capabilities {appium:app: C:\Users\Public\WeatherChan..., appium:appPackage: com.weather.Weather, appium:automationName: uiautomator2, appium:databaseEnabled: false, appium:desired: {app: C:\Users\Public\WeatherChan..., automationName: uiautomator2, deviceName: Android Device, noReset: true, platformName: android}, appium:deviceApiLevel: 31, appium:deviceManufacturer: samsung, appium:deviceModel: SM-N975U, appium:deviceName: R38M906F3EK, appium:deviceScreenDensity: 420, appium:deviceScreenSize: 1080x2280, appium:deviceUDID: R38M906F3EK, appium:javascriptEnabled: true, appium:locationContextEnabled: false, appium:networkConnectionEnabled: true, appium:noReset: true, appium:pixelRatio: 2.625, appium:platformVersion: 12, appium:statBarHeight: 85, appium:takesScreenshot: true, appium:viewportRect: {height: 1984, left: 0, top: 85, width: 1080}, appium:warnings: {}, appium:webStorageEnabled: false, platformName: ANDROID}
Session ID: 09467fda-3399-460d-9209-aee7d55e2212">
      <![CDATA[org.openqa.selenium.NoSuchElementException: An element could not be located on the page using the given search parameters.
For documentation on this error, please visit: https://selenium.dev/exceptions/#no_such_element
Build info: version: '4.2.2', revision: '683ccb65d6'
System info: host: 'DESKTOP-OKPA2FN', ip: '192.168.1.77', os.name: 'Windows 11', os.arch: 'amd64', os.version: '10.0', java.version: '17.0.2'
Driver info: io.appium.java_client.android.AndroidDriver
Command: [09467fda-3399-460d-9209-aee7d55e2212, findElement {using=xpath, value=//android.widget.TextView[@text='Temperature']}]
Capabilities {appium:app: C:\Users\Public\WeatherChan..., appium:appPackage: com.weather.Weather, appium:automationName: uiautomator2, appium:databaseEnabled: false, appium:desired: {app: C:\Users\Public\WeatherChan..., automationName: uiautomator2, deviceName: Android Device, noReset: true, platformName: android}, appium:deviceApiLevel: 31, appium:deviceManufacturer: samsung, appium:deviceModel: SM-N975U, appium:deviceName: R38M906F3EK, appium:deviceScreenDensity: 420, appium:deviceScreenSize: 1080x2280, appium:deviceUDID: R38M906F3EK, appium:javascriptEnabled: true, appium:locationContextEnabled: false, appium:networkConnectionEnabled: true, appium:noReset: true, appium:pixelRatio: 2.625, appium:platformVersion: 12, appium:statBarHeight: 85, appium:takesScreenshot: true, appium:viewportRect: {height: 1984, left: 0, top: 85, width: 1080}, appium:warnings: {}, appium:webStorageEnabled: false, platformName: ANDROID}
Session ID: 09467fda-3399-460d-9209-aee7d55e2212
at org.openqa.selenium.remote.codec.w3c.W3CHttpResponseCodec.createException(W3CHttpResponseCodec.java:200)
at org.openqa.selenium.remote.codec.w3c.W3CHttpResponseCodec.decode(W3CHttpResponseCodec.java:133)
at org.openqa.selenium.remote.codec.w3c.W3CHttpResponseCodec.decode(W3CHttpResponseCodec.java:53)
at org.openqa.selenium.remote.HttpCommandExecutor.execute(HttpCommandExecutor.java:184)
at io.appium.java_client.remote.AppiumCommandExecutor.execute(AppiumCommandExecutor.java:180)
at org.openqa.selenium.remote.RemoteWebDriver.execute(RemoteWebDriver.java:588)
at org.openqa.selenium.remote.ElementLocation$ElementFinder$2.findElement(ElementLocation.java:162)
at org.openqa.selenium.remote.ElementLocation.findElement(ElementLocation.java:60)
at org.openqa.selenium.remote.RemoteWebDriver.findElement(RemoteWebDriver.java:406)
at org.openqa.selenium.remote.RemoteWebDriver.findElement(RemoteWebDriver.java:398)
at org.openqa.selenium.support.pagefactory.DefaultElementLocator.findElement(DefaultElementLocator.java:70)
at org.openqa.selenium.support.pagefactory.internal.LocatingElementHandler.invoke(LocatingElementHandler.java:39)
at jdk.proxy2/jdk.proxy2.$Proxy15.click(Unknown Source)
at Appium.WeatherChannelAutomation.runnerClass.verify_Trend_Graph_For_Each_Condition(runnerClass.java:179)
at java.base/java.util.ArrayList.forEach(ArrayList.java:1511)
... Removed 32 stack frames]]>
    </failure>
  </testcase> <!-- verify_Trend_Graph_For_Each_Condition -->
</testsuite> <!-- Test -->
