<?xml version="1.0" encoding="UTF-8"?>
<testng-results ignored="0" total="4" passed="3" failed="1" skipped="0">
  <reporter-output>
  </reporter-output>
  <suite started-at="2022-06-20T00:33:21 EDT" name="Suite" finished-at="2022-06-20T00:34:31 EDT" duration-ms="69423">
    <groups>
    </groups>
    <test started-at="2022-06-20T00:33:21 EDT" name="Test" finished-at="2022-06-20T00:34:31 EDT" duration-ms="69423">
      <class name="Appium.WeatherChannelAutomation.runnerClass">
        <test-method is-config="true" signature="launchApp()[pri:0, instance:Appium.WeatherChannelAutomation.runnerClass@6c1a5b54]" started-at="2022-06-20T00:33:21 EDT" name="launchApp" finished-at="2022-06-20T00:33:31 EDT" duration-ms="9462" status="PASS">
          <reporter-output>
          </reporter-output>
        </test-method> <!-- launchApp -->
        <test-method signature="validate_user_LookUp_Location_For_Weather_CheckUp()[pri:1, instance:Appium.WeatherChannelAutomation.runnerClass@6c1a5b54]" started-at="2022-06-20T00:33:31 EDT" name="validate_user_LookUp_Location_For_Weather_CheckUp" finished-at="2022-06-20T00:33:39 EDT" duration-ms="8611" status="PASS">
          <reporter-output>
          </reporter-output>
        </test-method> <!-- validate_user_LookUp_Location_For_Weather_CheckUp -->
        <test-method signature="validate_Hourly_details_displayed()[pri:2, instance:Appium.WeatherChannelAutomation.runnerClass@6c1a5b54]" started-at="2022-06-20T00:33:40 EDT" name="validate_Hourly_details_displayed" finished-at="2022-06-20T00:33:41 EDT" duration-ms="628" status="PASS">
          <reporter-output>
          </reporter-output>
        </test-method> <!-- validate_Hourly_details_displayed -->
        <test-method signature="validate_Todays_Details_is_displayed()[pri:3, instance:Appium.WeatherChannelAutomation.runnerClass@6c1a5b54]" started-at="2022-06-20T00:33:42 EDT" name="validate_Todays_Details_is_displayed" finished-at="2022-06-20T00:34:17 EDT" duration-ms="35598" status="PASS">
          <reporter-output>
          </reporter-output>
        </test-method> <!-- validate_Todays_Details_is_displayed -->
        <test-method signature="verify_Trend_Graph_For_Each_Condition()[pri:4, instance:Appium.WeatherChannelAutomation.runnerClass@6c1a5b54]" started-at="2022-06-20T00:34:18 EDT" name="verify_Trend_Graph_For_Each_Condition" finished-at="2022-06-20T00:34:30 EDT" duration-ms="12262" status="FAIL">
          <exception class="org.openqa.selenium.NoSuchElementException">
            <message>
              <![CDATA[An element could not be located on the page using the given search parameters.
For documentation on this error, please visit: https://selenium.dev/exceptions/#no_such_element
Build info: version: '4.2.2', revision: '683ccb65d6'
System info: host: 'DESKTOP-OKPA2FN', ip: '192.168.1.77', os.name: 'Windows 11', os.arch: 'amd64', os.version: '10.0', java.version: '17.0.2'
Driver info: io.appium.java_client.android.AndroidDriver
Command: [09467fda-3399-460d-9209-aee7d55e2212, findElement {using=xpath, value=//android.widget.TextView[@text='Temperature']}]
Capabilities {appium:app: C:\Users\Public\WeatherChan..., appium:appPackage: com.weather.Weather, appium:automationName: uiautomator2, appium:databaseEnabled: false, appium:desired: {app: C:\Users\Public\WeatherChan..., automationName: uiautomator2, deviceName: Android Device, noReset: true, platformName: android}, appium:deviceApiLevel: 31, appium:deviceManufacturer: samsung, appium:deviceModel: SM-N975U, appium:deviceName: R38M906F3EK, appium:deviceScreenDensity: 420, appium:deviceScreenSize: 1080x2280, appium:deviceUDID: R38M906F3EK, appium:javascriptEnabled: true, appium:locationContextEnabled: false, appium:networkConnectionEnabled: true, appium:noReset: true, appium:pixelRatio: 2.625, appium:platformVersion: 12, appium:statBarHeight: 85, appium:takesScreenshot: true, appium:viewportRect: {height: 1984, left: 0, top: 85, width: 1080}, appium:warnings: {}, appium:webStorageEnabled: false, platformName: ANDROID}
Session ID: 09467fda-3399-460d-9209-aee7d55e2212]]>
            </message>
            <full-stacktrace>
              <![CDATA[org.openqa.selenium.NoSuchElementException: An element could not be located on the page using the given search parameters.
For documentation on this error, please visit: https://selenium.dev/exceptions/#no_such_element
Build info: version: '4.2.2', revision: '683ccb65d6'
System info: host: 'DESKTOP-OKPA2FN', ip: '192.168.1.77', os.name: 'Windows 11', os.arch: 'amd64', os.version: '10.0', java.version: '17.0.2'
Driver info: io.appium.java_client.android.AndroidDriver
Command: [09467fda-3399-460d-9209-aee7d55e2212, findElement {using=xpath, value=//android.widget.TextView[@text='Temperature']}]
Capabilities {appium:app: C:\Users\Public\WeatherChan..., appium:appPackage: com.weather.Weather, appium:automationName: uiautomator2, appium:databaseEnabled: false, appium:desired: {app: C:\Users\Public\WeatherChan..., automationName: uiautomator2, deviceName: Android Device, noReset: true, platformName: android}, appium:deviceApiLevel: 31, appium:deviceManufacturer: samsung, appium:deviceModel: SM-N975U, appium:deviceName: R38M906F3EK, appium:deviceScreenDensity: 420, appium:deviceScreenSize: 1080x2280, appium:deviceUDID: R38M906F3EK, appium:javascriptEnabled: true, appium:locationContextEnabled: false, appium:networkConnectionEnabled: true, appium:noReset: true, appium:pixelRatio: 2.625, appium:platformVersion: 12, appium:statBarHeight: 85, appium:takesScreenshot: true, appium:viewportRect: {height: 1984, left: 0, top: 85, width: 1080}, appium:warnings: {}, appium:webStorageEnabled: false, platformName: ANDROID}
Session ID: 09467fda-3399-460d-9209-aee7d55e2212
at java.base/jdk.internal.reflect.NativeConstructorAccessorImpl.newInstance0(Native Method)
at java.base/jdk.internal.reflect.NativeConstructorAccessorImpl.newInstance(NativeConstructorAccessorImpl.java:77)
at java.base/jdk.internal.reflect.DelegatingConstructorAccessorImpl.newInstance(DelegatingConstructorAccessorImpl.java:45)
at java.base/java.lang.reflect.Constructor.newInstanceWithCaller(Constructor.java:499)
at java.base/java.lang.reflect.Constructor.newInstance(Constructor.java:480)
at org.openqa.selenium.remote.codec.w3c.W3CHttpResponseCodec.createException(W3CHttpResponseCodec.java:200)
at org.openqa.selenium.remote.codec.w3c.W3CHttpResponseCodec.decode(W3CHttpResponseCodec.java:133)
at org.openqa.selenium.remote.codec.w3c.W3CHttpResponseCodec.decode(W3CHttpResponseCodec.java:53)
at org.openqa.selenium.remote.HttpCommandExecutor.execute(HttpCommandExecutor.java:184)
at io.appium.java_client.remote.AppiumCommandExecutor.execute(AppiumCommandExecutor.java:180)
at org.openqa.selenium.remote.RemoteWebDriver.execute(RemoteWebDriver.java:588)
at org.openqa.selenium.remote.ElementLocation$ElementFinder$2.findElement(ElementLocation.java:162)
at org.openqa.selenium.remote.ElementLocation.findElement(ElementLocation.java:60)
at org.openqa.selenium.remote.RemoteWebDriver.findElement(RemoteWebDriver.java:406)
at org.openqa.selenium.remote.RemoteWebDriver.findElement(RemoteWebDriver.java:398)
at org.openqa.selenium.support.pagefactory.DefaultElementLocator.findElement(DefaultElementLocator.java:70)
at org.openqa.selenium.support.pagefactory.internal.LocatingElementHandler.invoke(LocatingElementHandler.java:39)
at jdk.proxy2/jdk.proxy2.$Proxy15.click(Unknown Source)
at Appium.WeatherChannelAutomation.runnerClass.verify_Trend_Graph_For_Each_Condition(runnerClass.java:179)
at java.base/jdk.internal.reflect.NativeMethodAccessorImpl.invoke0(Native Method)
at java.base/jdk.internal.reflect.NativeMethodAccessorImpl.invoke(NativeMethodAccessorImpl.java:77)
at java.base/jdk.internal.reflect.DelegatingMethodAccessorImpl.invoke(DelegatingMethodAccessorImpl.java:43)
at java.base/java.lang.reflect.Method.invoke(Method.java:568)
at org.testng.internal.MethodInvocationHelper.invokeMethod(MethodInvocationHelper.java:133)
at org.testng.internal.TestInvoker.invokeMethod(TestInvoker.java:598)
at org.testng.internal.TestInvoker.invokeTestMethod(TestInvoker.java:173)
at org.testng.internal.MethodRunner.runInSequence(MethodRunner.java:46)
at org.testng.internal.TestInvoker$MethodInvocationAgent.invoke(TestInvoker.java:824)
at org.testng.internal.TestInvoker.invokeTestMethods(TestInvoker.java:146)
at org.testng.internal.TestMethodWorker.invokeTestMethods(TestMethodWorker.java:146)
at org.testng.internal.TestMethodWorker.run(TestMethodWorker.java:128)
at java.base/java.util.ArrayList.forEach(ArrayList.java:1511)
at org.testng.TestRunner.privateRun(TestRunner.java:794)
at org.testng.TestRunner.run(TestRunner.java:596)
at org.testng.SuiteRunner.runTest(SuiteRunner.java:377)
at org.testng.SuiteRunner.runSequentially(SuiteRunner.java:371)
at org.testng.SuiteRunner.privateRun(SuiteRunner.java:332)
at org.testng.SuiteRunner.run(SuiteRunner.java:276)
at org.testng.SuiteRunnerWorker.runSuite(SuiteRunnerWorker.java:53)
at org.testng.SuiteRunnerWorker.run(SuiteRunnerWorker.java:96)
at org.testng.TestNG.runSuitesSequentially(TestNG.java:1212)
at org.testng.TestNG.runSuitesLocally(TestNG.java:1134)
at org.testng.TestNG.runSuites(TestNG.java:1063)
at org.testng.TestNG.run(TestNG.java:1031)
at org.testng.remote.AbstractRemoteTestNG.run(AbstractRemoteTestNG.java:115)
at org.testng.remote.RemoteTestNG.initAndRun(RemoteTestNG.java:251)
at org.testng.remote.RemoteTestNG.main(RemoteTestNG.java:77)
]]>
            </full-stacktrace>
          </exception> <!-- org.openqa.selenium.NoSuchElementException -->
          <reporter-output>
          </reporter-output>
        </test-method> <!-- verify_Trend_Graph_For_Each_Condition -->
      </class> <!-- Appium.WeatherChannelAutomation.runnerClass -->
    </test> <!-- Test -->
  </suite> <!-- Suite -->
</testng-results>
