<?xml version="1.0" encoding="UTF-8"?>
<testng-results ignored="0" total="1" passed="1" failed="0" skipped="0">
  <reporter-output>
  </reporter-output>
  <suite started-at="2022-06-18T22:35:49 EDT" name="Suite" finished-at="2022-06-18T22:36:32 EDT" duration-ms="43832">
    <groups>
    </groups>
    <test started-at="2022-06-18T22:35:49 EDT" name="Test" finished-at="2022-06-18T22:36:32 EDT" duration-ms="43832">
      <class name="Appium.WeatherChannelAutomation.runnerClass">
        <test-method signature="validate_user_LookUp_Location_For_Weather_CheckUp()[pri:0, instance:Appium.WeatherChannelAutomation.runnerClass@66f57048]" started-at="2022-06-18T22:35:49 EDT" name="validate_user_LookUp_Location_For_Weather_CheckUp" finished-at="2022-06-18T22:36:32 EDT" duration-ms="43781" status="PASS">
          <reporter-output>
          </reporter-output>
        </test-method> <!-- validate_user_LookUp_Location_For_Weather_CheckUp -->
      </class> <!-- Appium.WeatherChannelAutomation.runnerClass -->
    </test> <!-- Test -->
  </suite> <!-- Suite -->
</testng-results>
